{"/Users/anoopjadhav/Documents/myProjects/portfolio-app-v2/src/App/App.tsx": {"path":"/Users/anoopjadhav/Documents/myProjects/portfolio-app-v2/src/App/App.tsx","statementMap":{"0":{"start":{"line":5,"column":4},"end":{"line":7,"column":10}}},"fnMap":{"0":{"name":"(anonymous_0)","decl":{"start":{"line":4,"column":15},"end":{"line":4,"column":16}},"loc":{"start":{"line":4,"column":21},"end":{"line":8,"column":1}},"line":4}},"branchMap":{},"s":{"0":1},"f":{"0":1},"b":{},"_coverageSchema":"1a1c01bbd47fc00a2c39e90264f33305004495a9","hash":"5d44b570efefc86beaaab8cdbb178203865f9e5a"}
}
